{
  "stats": {
    "suites": 1,
    "tests": 5,
    "passes": 5,
    "pending": 0,
    "failures": 0,
    "start": "2025-11-16T08:32:30.979Z",
    "end": "2025-11-16T08:35:08.146Z",
    "duration": 157167,
    "testsRegistered": 5,
    "passPercent": 100,
    "pendingPercent": 0,
    "other": 0,
    "hasOther": false,
    "skipped": 0,
    "hasSkipped": false
  },
  "results": [
    {
      "uuid": "fa65f849-cafd-4a96-9fb8-8a86b86d16e5",
      "title": "",
      "fullFile": "cypress/e2e/ResSync.js",
      "file": "cypress/e2e/ResSync.js",
      "beforeHooks": [],
      "afterHooks": [],
      "tests": [],
      "suites": [
        {
          "uuid": "1fb8ff04-4395-4a3c-bedd-2798315072e6",
          "title": "Res Sync Flow Automation",
          "fullFile": "",
          "file": "",
          "beforeHooks": [],
          "afterHooks": [],
          "tests": [
            {
              "title": "should create a reservation, generate a link, set the event name, update the due date, apply discounts, generate the final link, copy it, extract OTP and store OTP",
              "fullTitle": "Res Sync Flow Automation should create a reservation, generate a link, set the event name, update the due date, apply discounts, generate the final link, copy it, extract OTP and store OTP",
              "timedOut": null,
              "duration": 55022,
              "state": "passed",
              "speed": "slow",
              "pass": true,
              "fail": false,
              "pending": false,
              "context": null,
              "code": "let iteration = 2; //Give index number from the example.json.data\ncy.visit('https://rc.synq7.com/');\n// Login process\ncy.get('.input-container > .ng-pristine', {\n  timeout: 40000\n}).type('qaautomation@test.com');\ncy.get('.custom-btn', {\n  timeout: 40000\n}).click();\ncy.get('#Password', {\n  timeout: 40000\n}).type('Qa123456@');\ncy.get('.custom-btn', {\n  timeout: 40000\n}).click({\n  force: true\n});\ncy.url({\n  timeout: 40000\n}).should('include', 'dispatch/dashboard');\ncy.wait(3000);\n// Navigate to ride booking page\ncy.wait(3000);\ncy.get('span.btn-text', {\n  timeout: 10000\n}).click({\n  force: true\n});\n//Filling Up Passenger Info\ncy.get(':nth-child(1) > .booking-info-cards > .front-side > .form-group > .booking-search__left > .input-group > .form-control', {\n  timeout: 40000\n}).should('be.enabled').click().type('Bayes RideCentric');\ncy.get(':nth-child(1) > .booking-info-cards > .front-side > .form-group > .booking-search__left > .input-group > #basic-addon2', {\n  timeout: 40000\n}).should('be.visible').click();\n// Click the final button\ncy.get(':nth-child(1) > :nth-child(7) > .btn-success-main', {\n  timeout: 40000\n}).click();\n//Filling reservation details \ncy.get('.ngb-dp-today > .btn-light', {\n  timeout: 40000\n}).click();\ncy.get(':nth-child(5) > .time-link', {\n  timeout: 40000\n}).click();\ncy.get(':nth-child(11) > .time-link', {\n  timeout: 40000\n}).click();\ncy.get(':nth-child(2) > .time-zoon-link', {\n  timeout: 40000\n}).click();\ncy.get('.set-time-btn', {\n  timeout: 40000\n}).click();\ncy.get('.ng-dropdown-panel-items', {\n  timeout: 40000\n}).contains('3').click();\ncy.get('.ng-dropdown-panel-items', {\n  timeout: 40000\n}).contains('2').click();\ncy.fixture('example.json').then(data => {\n  // Get the current set of data based on iteration\n  const entry = data[iteration % data.length];\n  cy.get('#ReservationAddress0').type(entry.pickup_location);\n  cy.wait(2000);\n  cy.get('#ReservationAddress0').type('{downarrow}').type('{enter}');\n  cy.wait(2000);\n  cy.get('#ReservationAddress1').type(entry.dropoff_location);\n  cy.wait(2000);\n  cy.get('#ReservationAddress1').type('{downarrow}').type('{enter}');\n  cy.wait(3000);\n  //Click on Show Vehicle Button\n  cy.get('.btn', {\n    timeout: 40000\n  }).should('be.enabled').click({\n    force: true\n  });\n  //Click on desired vehicle\n  cy.get('.vehicle-details', {\n    timeout: 40000\n  }).contains(new RegExp(`^${entry.vehicle}$`)).click();\n  // Increment the iteration count for the next run\n});\n//Confirm Ride Button\ncy.get(':nth-child(4) > .justify-content-between', {\n  timeout: 40000\n}).click();\n//Click on Reserve Button\ncy.get('.res_btn_group > :nth-child(2)', {\n  timeout: 40000\n}).click();\n// //Credit Card\n// cy.get('#PassengerCard', { timeout: 40000 })\n//   .should('be.visible')\n//   .select('25110001', { force: true });\n// cy.get('.bbtn', { timeout: 40000 }).click()\n//ACH\ncy.get('#PaymentMethod', {\n  timeout: 40000\n}).should('be.visible').select('AH', {\n  force: true\n}).should('have.value', 'AH');\ncy.get('button.bbtn.btn-small', {\n  timeout: 40000\n}).click();\n//Retrieving Reservation Number\ncy.get('h3.mt-20', {\n  timeout: 40000\n}).invoke('text').then(text => {\n  const reservationNumber = text.match(/\\d+/)[0];\n  reservationNumbers.push(reservationNumber);\n  cy.log('Reservation Number:', reservationNumber);\n  console.log('Reservation Number:', reservationNumber);\n  // Store reservationNumber as an alias to use later\n  cy.wrap(reservationNumber).as('reservationNumber');\n});\n// Click on Dispatch Button after reservation\ncy.get('.d-flex > [routerlink=\"/ride/dispatch/dashboard\"]', {\n  timeout: 60000\n}).should('be.visible').click({\n  force: true\n});\n//Click Find Ride\ncy.get('.inner-scroller > :nth-child(2) > :nth-child(2) > a', {\n  timeout: 60000\n}).click({\n  force: true\n});\n// Get the reservationNumber from reservation page and use it in the next commands\ncy.get('@reservationNumber', {\n  timeout: 40000\n}).then(reservationNumber => {\n  cy.get(':nth-child(2) > :nth-child(2) > .form-group > .form-control', {\n    timeout: 40000\n  }).type(reservationNumber);\n  cy.get('#ngb-typeahead-3-0', {\n    timeout: 40000\n  }).click();\n  cy.get('.btn', {\n    timeout: 40000\n  }).click();\n});\ncy.wait(5000);\n//Accept Ride\ncy.get('.tabulator-row > [tabulator-field=\"ResStatus\"]', {\n  timeout: 40000\n}).click();\ncy.get('.tabulator-row > [tabulator-field=\"ResStatus\"]', {\n  timeout: 40000\n}).rightclick();\ncy.wait(2000);\ncy.contains('Accept Ride', {\n  timeout: 40000\n}).click();\ncy.contains('Are you sure, you want to accept 1 ride?', {\n  timeout: 40000\n}).should('be.visible');\ncy.contains('Yes', {\n  timeout: 40000\n}).click();\n//Assign | Dispatch\ncy.get('.tabulator-row > [tabulator-field=\"ResStatus\"]', {\n  timeout: 40000\n}).click();\ncy.get('.tabulator-row > [tabulator-field=\"ResStatus\"]', {\n  timeout: 40000\n}).rightclick();\ncy.contains('Assign | Dispatch', {\n  timeout: 40000\n}).click();\n//Assign Affiliate\ncy.get('.pl-20 > .form-group > .ng-select-searchable > .ng-select-container > .ng-value-container > .ng-input > input', {\n  timeout: 40000\n}).click(); // Click to open the dropdown\ncy.wait(2000);\ncy.get('.ng-dropdown-panel .ng-option', {\n  timeout: 40000\n}) // Wait for dropdown options\n.first() // Select the first option\n.click();\ncy.wait(2000);\n//Assign Chauffeur\ncy.get('.dis_grid > .form-group > .ng-select-searchable > .ng-select-container > .ng-arrow-wrapper', {\n  timeout: 40000\n}).click();\ncy.wait(2000);\ncy.get('.ng-dropdown-panel .ng-option', {\n  timeout: 40000\n}) // Wait for dropdown options\n.first() // Select the first option\n.click();\n//Click on Dispatch Button\ncy.get('container-element > .d-flex > :nth-child(2)', {\n  timeout: 40000\n}).click();\n//Confirm sending email to affiliate\ncy.get('.modal-transparent__btn', {\n  timeout: 40000\n}).click();\n//right click and go to reservation sync\ncy.wait(3000);\ncy.get('.tabulator-row > [tabulator-field=\"ResStatus\"]', {\n  timeout: 40000\n}).click();\ncy.get('.tabulator-row > [tabulator-field=\"ResStatus\"]', {\n  timeout: 40000\n}).rightclick();\ncy.contains('Reservation Sync', {\n  timeout: 40000\n}).click();\ncy.contains('Generate Link', {\n  timeout: 40000\n}).click();\n//Updating event name\nconst eventName = _faker.faker.string.numeric(8);\nEventname = eventName;\n// Click on the edit icon to reveal the input field\ncy.get('.ss-edit.ss-edit-pro', {\n  timeout: 40000\n}).click();\n// Wait for the input field to appear, and then clear and type the event name\ncy.get('input[maxlength=\"20\"]', {\n  timeout: 40000\n}).should('be.visible').clear().type(eventName);\nconsole.log(eventName);\ncy.log(eventName);\n// //Update due date\n// cy.get('span[role=\"button\"] > i.ss-lock.lock', { timeout: 40000 })\n//   .eq(0) // Change index based on which element you need\n//   .click({ force: true });\n// cy.get('.modal-primary__btn', { timeout: 40000 }).click()\n// cy.get('.col-sm-12 > .form-group > .form-control', { timeout: 40000 }).click().type(789789)\n// cy.contains('button', 'Save').click();\n// cy.get('.d-flex.small > [ngbdatepicker=\"\"]', { timeout: 40000 }).click()\n// cy.get('.right', { timeout: 40000 }).click()\n// cy.get('.ngb-dp-day').contains('28').click();\n//Applying Discounts\ncy.get(':nth-child(3) > :nth-child(1) > .card > .mb-3 > [role=\"button\"] > .ss-lock').click();\ncy.get('.modal-primary__btn').click();\ncy.get('.col-sm-12 > .form-group > .form-control', {\n  timeout: 40000\n}).click().type(789789);\ncy.contains('button', 'Save', {\n  timeout: 40000\n}).click();\ncy.wait(6000);\ncy.get(':nth-child(2) > .card > .row > :nth-child(2) > .d-flex > .input-group > .form-control', {\n  timeout: 40000\n}).click().type('10');\ncy.contains('button', 'Generate Link').click();\n//Storing the Link in global variable\ncy.get('.text-success').invoke('text').then(text => {\n  generateLink = text; // Store the text in the global variable\n  cy.log('Generated Link: ' + generateLink); // Log it for reference\n});\n//Storing OTP in the global variable\ncy.get('p[style=\"color: #000; text-align: center; font-family: Helvetica, Arial, sans-serif; font-size: 64px; font-style: normal; font-weight: 400; line-height: 64px;\"]').invoke('text').then(text => {\n  otp = text.trim().substring(0, 4); // Store OTP value in a variable\n  cy.log('OTP: ' + otp); // Log OTP for reference\n});",
              "err": {},
              "uuid": "36e25cc1-47bc-4897-af22-b0def578a624",
              "parentUUID": "1fb8ff04-4395-4a3c-bedd-2798315072e6",
              "isHook": false,
              "skipped": false
            },
            {
              "title": "should create multiple reservations and add them to event",
              "fullTitle": "Res Sync Flow Automation should create multiple reservations and add them to event",
              "timedOut": null,
              "duration": 36676,
              "state": "passed",
              "speed": "slow",
              "pass": true,
              "fail": false,
              "pending": false,
              "context": null,
              "code": "let iteration = 2; //Give index number from the example.json.data\ncy.visit('https://rc.synq7.com/');\n// Login process\ncy.get('.input-container > .ng-pristine', {\n  timeout: 40000\n}).type('qaautomation@test.com');\ncy.get('.custom-btn', {\n  timeout: 40000\n}).click();\ncy.get('#Password', {\n  timeout: 40000\n}).type('Qa123456@');\ncy.get('.custom-btn', {\n  timeout: 40000\n}).click({\n  force: true\n});\ncy.url({\n  timeout: 40000\n}).should('include', 'dispatch/dashboard');\ncy.wait(3000);\n// Navigate to ride booking page\ncy.wait(3000);\ncy.get('span.btn-text', {\n  timeout: 10000\n}).click({\n  force: true\n});\n//Filling Up Passenger Info\ncy.get(':nth-child(1) > .booking-info-cards > .front-side > .form-group > .booking-search__left > .input-group > .form-control', {\n  timeout: 40000\n}).should('be.enabled').click().type('Bayes RideCentric');\ncy.get(':nth-child(1) > .booking-info-cards > .front-side > .form-group > .booking-search__left > .input-group > #basic-addon2', {\n  timeout: 40000\n}).should('be.visible').click();\n// Click the final button\ncy.get(':nth-child(1) > :nth-child(7) > .btn-success-main', {\n  timeout: 40000\n}).click();\n//Filling reservation details \ncy.get('.ngb-dp-today > .btn-light', {\n  timeout: 40000\n}).click();\ncy.get(':nth-child(5) > .time-link', {\n  timeout: 40000\n}).click();\ncy.get(':nth-child(11) > .time-link', {\n  timeout: 40000\n}).click();\ncy.get(':nth-child(2) > .time-zoon-link', {\n  timeout: 40000\n}).click();\ncy.get('.set-time-btn', {\n  timeout: 40000\n}).click();\ncy.get('.ng-dropdown-panel-items', {\n  timeout: 40000\n}).contains('3').click();\ncy.get('.ng-dropdown-panel-items', {\n  timeout: 40000\n}).contains('2').click();\ncy.fixture('example.json').then(data => {\n  // Get the current set of data based on iteration\n  const entry = data[iteration % data.length];\n  cy.get('#ReservationAddress0').type(entry.pickup_location);\n  cy.wait(2000);\n  cy.get('#ReservationAddress0').type('{downarrow}').type('{enter}');\n  cy.wait(2000);\n  cy.get('#ReservationAddress1').type(entry.dropoff_location);\n  cy.wait(2000);\n  cy.get('#ReservationAddress1').type('{downarrow}').type('{enter}');\n  cy.wait(3000);\n  //Click on Show Vehicle Button\n  cy.get('.btn', {\n    timeout: 40000\n  }).should('be.enabled').click({\n    force: true\n  });\n  //Click on desired vehicle\n  cy.get('.vehicle-details', {\n    timeout: 40000\n  }).contains(new RegExp(`^${entry.vehicle}$`)).click();\n  // Increment the iteration count for the next run\n});\n//Confirm Ride Button\ncy.get(':nth-child(4) > .justify-content-between', {\n  timeout: 40000\n}).click();\n//Click on Reserve Button\ncy.get('.res_btn_group > :nth-child(2)', {\n  timeout: 40000\n}).click();\n// //Credit Card\n// cy.get('#PassengerCard', { timeout: 40000 })\n//   .should('be.visible')\n//   .select('25110001', { force: true });\n// cy.get('.bbtn', { timeout: 40000 }).click()\n//ACH\ncy.get('#PaymentMethod', {\n  timeout: 40000\n}).should('be.visible').select('AH', {\n  force: true\n}).should('have.value', 'AH');\ncy.get('button.bbtn.btn-small', {\n  timeout: 40000\n}).click();\n//Retrieving Reservation Number\ncy.get('h3.mt-20', {\n  timeout: 40000\n}).invoke('text').then(text => {\n  const reservationNumber = text.match(/\\d+/)[0];\n  reservationNumbers.push(reservationNumber);\n  cy.log('Reservation Number:', reservationNumber);\n  console.log('Reservation Number:', reservationNumber);\n  // Store reservationNumber as an alias to use later\n  cy.wrap(reservationNumber).as('reservationNumber');\n});\n// Click on Dispatch Button after reservation\ncy.get('.d-flex > [routerlink=\"/ride/dispatch/dashboard\"]', {\n  timeout: 60000\n}).should('be.visible').click({\n  force: true\n});\n//Click Find Ride\ncy.get('.inner-scroller > :nth-child(2) > :nth-child(2) > a', {\n  timeout: 60000\n}).click({\n  force: true\n});\n// Get the reservationNumber from reservation page and use it in the next commands\ncy.get('@reservationNumber', {\n  timeout: 40000\n}).then(reservationNumber => {\n  cy.get(':nth-child(2) > :nth-child(2) > .form-group > .form-control', {\n    timeout: 40000\n  }).type(reservationNumber);\n  cy.get('#ngb-typeahead-3-0', {\n    timeout: 40000\n  }).click();\n  cy.get('.btn', {\n    timeout: 40000\n  }).click();\n  cy.wait(3000);\n});\n//Add to event\ncy.wait(3000);\ncy.get('.tabulator-row > [tabulator-field=\"ResStatus\"]', {\n  timeout: 40000\n}).click();\ncy.get('.tabulator-row > [tabulator-field=\"ResStatus\"]', {\n  timeout: 40000\n}).rightclick();\ncy.wait(2000);\ncy.contains('Reservation Sync', {\n  timeout: 40000\n}).click();\ncy.contains('Add to Event', {\n  timeout: 40000\n}).click();\n// Select the event \ncy.wait(3000);\ncy.get('#EventCode', {\n  timeout: 40000\n}).select(Eventname, {\n  force: true\n}).should('have.value', Eventname);\ncy.wait(1000);\ncy.get('.btn', {\n  timeout: 40000\n}).click();",
              "err": {},
              "uuid": "486bb362-4e14-491f-8f90-5b961f643cf4",
              "parentUUID": "1fb8ff04-4395-4a3c-bedd-2798315072e6",
              "isHook": false,
              "skipped": false
            },
            {
              "title": "should create multiple reservations and add them to event",
              "fullTitle": "Res Sync Flow Automation should create multiple reservations and add them to event",
              "timedOut": null,
              "duration": 36488,
              "state": "passed",
              "speed": "slow",
              "pass": true,
              "fail": false,
              "pending": false,
              "context": null,
              "code": "let iteration = 2; //Give index number from the example.json.data\ncy.visit('https://rc.synq7.com/');\n// Login process\ncy.get('.input-container > .ng-pristine', {\n  timeout: 40000\n}).type('qaautomation@test.com');\ncy.get('.custom-btn', {\n  timeout: 40000\n}).click();\ncy.get('#Password', {\n  timeout: 40000\n}).type('Qa123456@');\ncy.get('.custom-btn', {\n  timeout: 40000\n}).click({\n  force: true\n});\ncy.url({\n  timeout: 40000\n}).should('include', 'dispatch/dashboard');\ncy.wait(3000);\n// Navigate to ride booking page\ncy.wait(3000);\ncy.get('span.btn-text', {\n  timeout: 10000\n}).click({\n  force: true\n});\n//Filling Up Passenger Info\ncy.get(':nth-child(1) > .booking-info-cards > .front-side > .form-group > .booking-search__left > .input-group > .form-control', {\n  timeout: 40000\n}).should('be.enabled').click().type('Bayes RideCentric');\ncy.get(':nth-child(1) > .booking-info-cards > .front-side > .form-group > .booking-search__left > .input-group > #basic-addon2', {\n  timeout: 40000\n}).should('be.visible').click();\n// Click the final button\ncy.get(':nth-child(1) > :nth-child(7) > .btn-success-main', {\n  timeout: 40000\n}).click();\n//Filling reservation details \ncy.get('.ngb-dp-today > .btn-light', {\n  timeout: 40000\n}).click();\ncy.get(':nth-child(5) > .time-link', {\n  timeout: 40000\n}).click();\ncy.get(':nth-child(11) > .time-link', {\n  timeout: 40000\n}).click();\ncy.get(':nth-child(2) > .time-zoon-link', {\n  timeout: 40000\n}).click();\ncy.get('.set-time-btn', {\n  timeout: 40000\n}).click();\ncy.get('.ng-dropdown-panel-items', {\n  timeout: 40000\n}).contains('3').click();\ncy.get('.ng-dropdown-panel-items', {\n  timeout: 40000\n}).contains('2').click();\ncy.fixture('example.json').then(data => {\n  // Get the current set of data based on iteration\n  const entry = data[iteration % data.length];\n  cy.get('#ReservationAddress0').type(entry.pickup_location);\n  cy.wait(2000);\n  cy.get('#ReservationAddress0').type('{downarrow}').type('{enter}');\n  cy.wait(2000);\n  cy.get('#ReservationAddress1').type(entry.dropoff_location);\n  cy.wait(2000);\n  cy.get('#ReservationAddress1').type('{downarrow}').type('{enter}');\n  cy.wait(3000);\n  //Click on Show Vehicle Button\n  cy.get('.btn', {\n    timeout: 40000\n  }).should('be.enabled').click({\n    force: true\n  });\n  //Click on desired vehicle\n  cy.get('.vehicle-details', {\n    timeout: 40000\n  }).contains(new RegExp(`^${entry.vehicle}$`)).click();\n  // Increment the iteration count for the next run\n});\n//Confirm Ride Button\ncy.get(':nth-child(4) > .justify-content-between', {\n  timeout: 40000\n}).click();\n//Click on Reserve Button\ncy.get('.res_btn_group > :nth-child(2)', {\n  timeout: 40000\n}).click();\n// //Credit Card\n// cy.get('#PassengerCard', { timeout: 40000 })\n//   .should('be.visible')\n//   .select('25110001', { force: true });\n// cy.get('.bbtn', { timeout: 40000 }).click()\n//ACH\ncy.get('#PaymentMethod', {\n  timeout: 40000\n}).should('be.visible').select('AH', {\n  force: true\n}).should('have.value', 'AH');\ncy.get('button.bbtn.btn-small', {\n  timeout: 40000\n}).click();\n//Retrieving Reservation Number\ncy.get('h3.mt-20', {\n  timeout: 40000\n}).invoke('text').then(text => {\n  const reservationNumber = text.match(/\\d+/)[0];\n  reservationNumbers.push(reservationNumber);\n  cy.log('Reservation Number:', reservationNumber);\n  console.log('Reservation Number:', reservationNumber);\n  // Store reservationNumber as an alias to use later\n  cy.wrap(reservationNumber).as('reservationNumber');\n});\n// Click on Dispatch Button after reservation\ncy.get('.d-flex > [routerlink=\"/ride/dispatch/dashboard\"]', {\n  timeout: 60000\n}).should('be.visible').click({\n  force: true\n});\n//Click Find Ride\ncy.get('.inner-scroller > :nth-child(2) > :nth-child(2) > a', {\n  timeout: 60000\n}).click({\n  force: true\n});\n// Get the reservationNumber from reservation page and use it in the next commands\ncy.get('@reservationNumber', {\n  timeout: 40000\n}).then(reservationNumber => {\n  cy.get(':nth-child(2) > :nth-child(2) > .form-group > .form-control', {\n    timeout: 40000\n  }).type(reservationNumber);\n  cy.get('#ngb-typeahead-3-0', {\n    timeout: 40000\n  }).click();\n  cy.get('.btn', {\n    timeout: 40000\n  }).click();\n  cy.wait(3000);\n});\n//Add to event\ncy.wait(3000);\ncy.get('.tabulator-row > [tabulator-field=\"ResStatus\"]', {\n  timeout: 40000\n}).click();\ncy.get('.tabulator-row > [tabulator-field=\"ResStatus\"]', {\n  timeout: 40000\n}).rightclick();\ncy.wait(2000);\ncy.contains('Reservation Sync', {\n  timeout: 40000\n}).click();\ncy.contains('Add to Event', {\n  timeout: 40000\n}).click();\n// Select the event \ncy.wait(3000);\ncy.get('#EventCode', {\n  timeout: 40000\n}).select(Eventname, {\n  force: true\n}).should('have.value', Eventname);\ncy.wait(1000);\ncy.get('.btn', {\n  timeout: 40000\n}).click();",
              "err": {},
              "uuid": "3b66783d-6325-40df-bd67-7ae1cfebed96",
              "parentUUID": "1fb8ff04-4395-4a3c-bedd-2798315072e6",
              "isHook": false,
              "skipped": false
            },
            {
              "title": "should search for reservation and remove from event",
              "fullTitle": "Res Sync Flow Automation should search for reservation and remove from event",
              "timedOut": null,
              "duration": 7911,
              "state": "passed",
              "speed": "medium",
              "pass": true,
              "fail": false,
              "pending": false,
              "context": null,
              "code": "cy.visit('https://rc.synq7.com/');\n// Login process\ncy.get('.input-container > .ng-pristine', {\n  timeout: 40000\n}).type('bayes@test.com');\ncy.get('.custom-btn', {\n  timeout: 40000\n}).click();\ncy.get('#Password', {\n  timeout: 40000\n}).type('Bayestest25@');\ncy.get('.custom-btn', {\n  timeout: 40000\n}).click({\n  force: true\n});\ncy.url({\n  timeout: 40000\n}).should('include', 'dispatch/dashboard');\n//Click Find Ride\ncy.get('.inner-scroller > :nth-child(2) > :nth-child(2) > a', {\n  timeout: 60000\n}).click({\n  force: true\n});\n// Take the second last value of reservation from the array\ncy.get('[formcontrolname=\"f_resid\"]', {\n  timeout: 40000\n}).click().type(reservationNumbers[1]);\ncy.wait(1000);\ncy.get('#ngb-typeahead-3-0 > span', {\n  timeout: 40000\n}).click();\ncy.get('.btn', {\n  timeout: 40000\n}).click();\n//right click and remove from event\ncy.wait(3000);\ncy.get('.tabulator-row > [tabulator-field=\"ResStatus\"]', {\n  timeout: 40000\n}).click();\ncy.get('.tabulator-row > [tabulator-field=\"ResStatus\"]', {\n  timeout: 40000\n}).rightclick();\ncy.contains('Reservation Sync', {\n  timeout: 40000\n}).click();\ncy.contains('Remove from Event', {\n  timeout: 40000\n}).click();\ncy.get('.modal-primary__btn', {\n  timeout: 40000\n}).click();\ncy.get('.alert', {\n  timeout: 40000\n}).should('be.visible').and('contain.text', 'Deleted successfully!!');",
              "err": {},
              "uuid": "04f5425c-509d-4e75-bcd8-16f55284544e",
              "parentUUID": "1fb8ff04-4395-4a3c-bedd-2798315072e6",
              "isHook": false,
              "skipped": false
            },
            {
              "title": "should navigate to res link, enter otp, complete payment process",
              "fullTitle": "Res Sync Flow Automation should navigate to res link, enter otp, complete payment process",
              "timedOut": null,
              "duration": 19620,
              "state": "passed",
              "speed": "slow",
              "pass": true,
              "fail": false,
              "pending": false,
              "context": null,
              "code": "//visit the generated link and input the OTP\ncy.visit(generateLink);\ncy.wait(2000);\ncy.focused().type(otp);\ncy.wait(8000);\n//Click on payment proceed button\ncy.get('.resSync-right__down > .button-large', {\n  timeout: 40000\n}).click();\ncy.wait(2000);\n//Accept Terms & Condition Page\ncy.get('#acceptTerms', {\n  timeout: 40000\n}).click();\ncy.wait(2000);\ncy.get('.resSync-right__down > .button-large', {\n  timeout: 40000\n}).should('be.visible').click();\ncy.wait(2000);\n//ACH\ncy.get('div.resSyncPayment-box__inner.ach', {\n  timeout: 40000\n}).should('be.visible').click({\n  force: true\n});\ncy.get('button.button-large.button-blue.resSync-btn', {\n  timeout: 40000\n}).click({\n  force: true\n});\n//Click on Go to Reservations Button\ncy.get('.reservation-btn-text', {\n  timeout: 40000\n}).click();\ncy.wait(2000);\n// //Credit Card\n// cy.get(':nth-child(1) > .resSyncPayment-box__inner', { timeout: 40000 }).click();\n// cy.wait(2000)\n// //Add New Credit Card\n// cy.get('.resSyncPayment-page__left > .button-large', { timeout: 40000 }).click()\n// cy.wait(2000)\n// //Filling Credit Card Informations\n// cy.get('.ccForm > #cardHolderName', { timeout: 40000 }).click().type('Bayes')\n// cy.wait(2000)\n// cy.get('.ccForm > #cardNumber', { timeout: 40000 }).click().type('4111111111111111')\n// cy.wait(2000)\n// cy.get('.ccForm > #expiryDate', { timeout: 40000 }).click().type('0828')\n// cy.wait(2000)\n// cy.get('.ccForm > #cvv', { timeout: 40000 }).click().type('888')\n// cy.wait(2000)\n// //Click on Confirm Reservation\n// cy.get('.resSync-right__down > .button-large', { timeout: 40000 }).should('be.visible').click()\n// cy.wait(2000)\n// //Link Copy\n// cy.get('.copy-icon', { timeout: 40000 }).click()\n// cy.wait(2000)\n// //Click on Go to Reservations Button\n// cy.get('.reservation-btn-text', { timeout: 40000 }).click()\n// cy.wait(2000)",
              "err": {},
              "uuid": "c0eaf179-ecb1-4b16-ad81-cf7e1eacd7b0",
              "parentUUID": "1fb8ff04-4395-4a3c-bedd-2798315072e6",
              "isHook": false,
              "skipped": false
            }
          ],
          "suites": [],
          "passes": [
            "36e25cc1-47bc-4897-af22-b0def578a624",
            "486bb362-4e14-491f-8f90-5b961f643cf4",
            "3b66783d-6325-40df-bd67-7ae1cfebed96",
            "04f5425c-509d-4e75-bcd8-16f55284544e",
            "c0eaf179-ecb1-4b16-ad81-cf7e1eacd7b0"
          ],
          "failures": [],
          "pending": [],
          "skipped": [],
          "duration": 155717,
          "root": false,
          "rootEmpty": false,
          "_timeout": 2000
        }
      ],
      "passes": [],
      "failures": [],
      "pending": [],
      "skipped": [],
      "duration": 0,
      "root": true,
      "rootEmpty": true,
      "_timeout": 2000
    }
  ],
  "meta": {
    "mocha": {
      "version": "7.2.0"
    },
    "mochawesome": {
      "options": {
        "quiet": false,
        "reportFilename": "mochawesome",
        "saveHtml": false,
        "saveJson": true,
        "consoleReporter": "spec",
        "useInlineDiffs": false,
        "code": true
      },
      "version": "7.1.4"
    },
    "marge": {
      "options": {
        "reportDir": "cypress/reports/json",
        "overwrite": false,
        "html": false,
        "json": true
      },
      "version": "6.3.2"
    }
  }
}